<?xml version="1.0" encoding="UTF-8"?>
<!-- Generated by org.testng.reporters.JUnitReportReporter -->
<testsuite skipped="0" hostname="LAPTOP-NQCH80LM" name="Qrious.QaTest.QaTest" tests="1" failures="0" timestamp="2020-10-22T20:49:00 NZDT" time="12.848" errors="0">
  <testcase name="QaTest" time="12.848" classname="Qrious.QaTest.QaTest"/>
  <system-out/>
</testsuite> <!-- Qrious.QaTest.QaTest -->
