<?xml version="1.0" encoding="UTF-8"?>
<!-- Generated by org.testng.reporters.JUnitReportReporter -->
<testsuite skipped="0" hostname="LAPTOP-NQCH80LM" name="Qrious.QaTest.QaTest" tests="1" failures="0" timestamp="2020-10-21T19:27:53 NZDT" time="10.216" errors="0">
  <testcase name="QaTest" time="10.216" classname="Qrious.QaTest.QaTest"/>
  <system-out/>
</testsuite> <!-- Qrious.QaTest.QaTest -->
